<?xml version="1.0" encoding="UTF-8"?>
<!-- Generated by org.testng.reporters.JUnitReportReporter -->
<testsuite hostname="WKWZThVUFqJpvKz" failures="0" tests="2" name="exam.Task1" time="27.310" errors="0" timestamp="2022-12-05T16:22:12 IST" skipped="0">
  <testcase classname="exam.Task1" name="test1" time="15.819"/>
  <system-out/>
  <testcase classname="exam.Task1" name="test2" time="11.491"/>
  <system-out/>
</testsuite> <!-- exam.Task1 -->
