<?xml version="1.0" encoding="UTF-8"?>
<!-- Generated by org.testng.reporters.JUnitReportReporter -->
<testsuite hostname="WKWZThVUFqJpvKz" failures="0" tests="1" name="exam.Task2" time="37.545" errors="0" timestamp="2022-12-05T16:22:12 IST" skipped="0">
  <testcase classname="exam.Task2" name="test" time="37.545"/>
  <system-out/>
</testsuite> <!-- exam.Task2 -->
